<?xml version="1.0" encoding="UTF-8"?>
<robot generator="Robot 3.1.1 (Python 3.6.7rc2 on win32)" generated="20190304 10:11:18.148" rpa="false">
<suite id="s1" name="Loops" source="C:\Users\shyam.emmadi\Desktop\Python\robot\New folder\day2_cond&amp;loops\Loops.robot">
<test id="s1-t1" name="Test For Loop">
<kw name="${INDEX} IN RANGE [ 10 ]" type="for">
<kw name="${INDEX} = 0" type="foritem">
<kw name="Evaluate" library="BuiltIn">
<doc>Evaluates the given expression in Python and returns the results.</doc>
<arguments>
<arg>${INDEX} + 1</arg>
</arguments>
<assign>
<var>${INDEX}</var>
</assign>
<msg timestamp="20190304 10:11:18.164" level="INFO">${INDEX} = 1</msg>
<status status="PASS" starttime="20190304 10:11:18.164" endtime="20190304 10:11:18.164"></status>
</kw>
<kw name="Continue For Loop If" library="BuiltIn">
<doc>Skips the current for loop iteration if the ``condition`` is true.</doc>
<arguments>
<arg>${INDEX} == 5</arg>
</arguments>
<status status="PASS" starttime="20190304 10:11:18.164" endtime="20190304 10:11:18.164"></status>
</kw>
<kw name="Log" library="BuiltIn">
<doc>Logs the given message with the given level.</doc>
<arguments>
<arg>${INDEX}</arg>
<arg>WARN</arg>
</arguments>
<msg timestamp="20190304 10:11:18.164" level="WARN">1</msg>
<status status="PASS" starttime="20190304 10:11:18.164" endtime="20190304 10:11:18.179"></status>
</kw>
<kw name="Exit For Loop If" library="BuiltIn">
<doc>Stops executing the enclosing for loop if the ``condition`` is true.</doc>
<arguments>
<arg>${INDEX} == 5</arg>
</arguments>
<status status="PASS" starttime="20190304 10:11:18.179" endtime="20190304 10:11:18.179"></status>
</kw>
<status status="PASS" starttime="20190304 10:11:18.164" endtime="20190304 10:11:18.179"></status>
</kw>
<kw name="${INDEX} = 1" type="foritem">
<kw name="Evaluate" library="BuiltIn">
<doc>Evaluates the given expression in Python and returns the results.</doc>
<arguments>
<arg>${INDEX} + 1</arg>
</arguments>
<assign>
<var>${INDEX}</var>
</assign>
<msg timestamp="20190304 10:11:18.179" level="INFO">${INDEX} = 2</msg>
<status status="PASS" starttime="20190304 10:11:18.179" endtime="20190304 10:11:18.179"></status>
</kw>
<kw name="Continue For Loop If" library="BuiltIn">
<doc>Skips the current for loop iteration if the ``condition`` is true.</doc>
<arguments>
<arg>${INDEX} == 5</arg>
</arguments>
<status status="PASS" starttime="20190304 10:11:18.179" endtime="20190304 10:11:18.179"></status>
</kw>
<kw name="Log" library="BuiltIn">
<doc>Logs the given message with the given level.</doc>
<arguments>
<arg>${INDEX}</arg>
<arg>WARN</arg>
</arguments>
<msg timestamp="20190304 10:11:18.179" level="WARN">2</msg>
<status status="PASS" starttime="20190304 10:11:18.179" endtime="20190304 10:11:18.179"></status>
</kw>
<kw name="Exit For Loop If" library="BuiltIn">
<doc>Stops executing the enclosing for loop if the ``condition`` is true.</doc>
<arguments>
<arg>${INDEX} == 5</arg>
</arguments>
<status status="PASS" starttime="20190304 10:11:18.179" endtime="20190304 10:11:18.179"></status>
</kw>
<status status="PASS" starttime="20190304 10:11:18.179" endtime="20190304 10:11:18.179"></status>
</kw>
<kw name="${INDEX} = 2" type="foritem">
<kw name="Evaluate" library="BuiltIn">
<doc>Evaluates the given expression in Python and returns the results.</doc>
<arguments>
<arg>${INDEX} + 1</arg>
</arguments>
<assign>
<var>${INDEX}</var>
</assign>
<msg timestamp="20190304 10:11:18.179" level="INFO">${INDEX} = 3</msg>
<status status="PASS" starttime="20190304 10:11:18.179" endtime="20190304 10:11:18.179"></status>
</kw>
<kw name="Continue For Loop If" library="BuiltIn">
<doc>Skips the current for loop iteration if the ``condition`` is true.</doc>
<arguments>
<arg>${INDEX} == 5</arg>
</arguments>
<status status="PASS" starttime="20190304 10:11:18.179" endtime="20190304 10:11:18.179"></status>
</kw>
<kw name="Log" library="BuiltIn">
<doc>Logs the given message with the given level.</doc>
<arguments>
<arg>${INDEX}</arg>
<arg>WARN</arg>
</arguments>
<msg timestamp="20190304 10:11:18.179" level="WARN">3</msg>
<status status="PASS" starttime="20190304 10:11:18.179" endtime="20190304 10:11:18.179"></status>
</kw>
<kw name="Exit For Loop If" library="BuiltIn">
<doc>Stops executing the enclosing for loop if the ``condition`` is true.</doc>
<arguments>
<arg>${INDEX} == 5</arg>
</arguments>
<status status="PASS" starttime="20190304 10:11:18.179" endtime="20190304 10:11:18.179"></status>
</kw>
<status status="PASS" starttime="20190304 10:11:18.179" endtime="20190304 10:11:18.179"></status>
</kw>
<kw name="${INDEX} = 3" type="foritem">
<kw name="Evaluate" library="BuiltIn">
<doc>Evaluates the given expression in Python and returns the results.</doc>
<arguments>
<arg>${INDEX} + 1</arg>
</arguments>
<assign>
<var>${INDEX}</var>
</assign>
<msg timestamp="20190304 10:11:18.179" level="INFO">${INDEX} = 4</msg>
<status status="PASS" starttime="20190304 10:11:18.179" endtime="20190304 10:11:18.179"></status>
</kw>
<kw name="Continue For Loop If" library="BuiltIn">
<doc>Skips the current for loop iteration if the ``condition`` is true.</doc>
<arguments>
<arg>${INDEX} == 5</arg>
</arguments>
<status status="PASS" starttime="20190304 10:11:18.179" endtime="20190304 10:11:18.179"></status>
</kw>
<kw name="Log" library="BuiltIn">
<doc>Logs the given message with the given level.</doc>
<arguments>
<arg>${INDEX}</arg>
<arg>WARN</arg>
</arguments>
<msg timestamp="20190304 10:11:18.179" level="WARN">4</msg>
<status status="PASS" starttime="20190304 10:11:18.179" endtime="20190304 10:11:18.179"></status>
</kw>
<kw name="Exit For Loop If" library="BuiltIn">
<doc>Stops executing the enclosing for loop if the ``condition`` is true.</doc>
<arguments>
<arg>${INDEX} == 5</arg>
</arguments>
<status status="PASS" starttime="20190304 10:11:18.179" endtime="20190304 10:11:18.179"></status>
</kw>
<status status="PASS" starttime="20190304 10:11:18.179" endtime="20190304 10:11:18.179"></status>
</kw>
<kw name="${INDEX} = 4" type="foritem">
<kw name="Evaluate" library="BuiltIn">
<doc>Evaluates the given expression in Python and returns the results.</doc>
<arguments>
<arg>${INDEX} + 1</arg>
</arguments>
<assign>
<var>${INDEX}</var>
</assign>
<msg timestamp="20190304 10:11:18.179" level="INFO">${INDEX} = 5</msg>
<status status="PASS" starttime="20190304 10:11:18.179" endtime="20190304 10:11:18.179"></status>
</kw>
<kw name="Continue For Loop If" library="BuiltIn">
<doc>Skips the current for loop iteration if the ``condition`` is true.</doc>
<arguments>
<arg>${INDEX} == 5</arg>
</arguments>
<msg timestamp="20190304 10:11:18.179" level="INFO">Continuing for loop from the next iteration.</msg>
<status status="PASS" starttime="20190304 10:11:18.179" endtime="20190304 10:11:18.179"></status>
</kw>
<status status="PASS" starttime="20190304 10:11:18.179" endtime="20190304 10:11:18.179"></status>
</kw>
<kw name="${INDEX} = 5" type="foritem">
<kw name="Evaluate" library="BuiltIn">
<doc>Evaluates the given expression in Python and returns the results.</doc>
<arguments>
<arg>${INDEX} + 1</arg>
</arguments>
<assign>
<var>${INDEX}</var>
</assign>
<msg timestamp="20190304 10:11:18.179" level="INFO">${INDEX} = 6</msg>
<status status="PASS" starttime="20190304 10:11:18.179" endtime="20190304 10:11:18.179"></status>
</kw>
<kw name="Continue For Loop If" library="BuiltIn">
<doc>Skips the current for loop iteration if the ``condition`` is true.</doc>
<arguments>
<arg>${INDEX} == 5</arg>
</arguments>
<status status="PASS" starttime="20190304 10:11:18.179" endtime="20190304 10:11:18.179"></status>
</kw>
<kw name="Log" library="BuiltIn">
<doc>Logs the given message with the given level.</doc>
<arguments>
<arg>${INDEX}</arg>
<arg>WARN</arg>
</arguments>
<msg timestamp="20190304 10:11:18.179" level="WARN">6</msg>
<status status="PASS" starttime="20190304 10:11:18.179" endtime="20190304 10:11:18.179"></status>
</kw>
<kw name="Exit For Loop If" library="BuiltIn">
<doc>Stops executing the enclosing for loop if the ``condition`` is true.</doc>
<arguments>
<arg>${INDEX} == 5</arg>
</arguments>
<status status="PASS" starttime="20190304 10:11:18.179" endtime="20190304 10:11:18.179"></status>
</kw>
<status status="PASS" starttime="20190304 10:11:18.179" endtime="20190304 10:11:18.179"></status>
</kw>
<kw name="${INDEX} = 6" type="foritem">
<kw name="Evaluate" library="BuiltIn">
<doc>Evaluates the given expression in Python and returns the results.</doc>
<arguments>
<arg>${INDEX} + 1</arg>
</arguments>
<assign>
<var>${INDEX}</var>
</assign>
<msg timestamp="20190304 10:11:18.179" level="INFO">${INDEX} = 7</msg>
<status status="PASS" starttime="20190304 10:11:18.179" endtime="20190304 10:11:18.179"></status>
</kw>
<kw name="Continue For Loop If" library="BuiltIn">
<doc>Skips the current for loop iteration if the ``condition`` is true.</doc>
<arguments>
<arg>${INDEX} == 5</arg>
</arguments>
<status status="PASS" starttime="20190304 10:11:18.179" endtime="20190304 10:11:18.179"></status>
</kw>
<kw name="Log" library="BuiltIn">
<doc>Logs the given message with the given level.</doc>
<arguments>
<arg>${INDEX}</arg>
<arg>WARN</arg>
</arguments>
<msg timestamp="20190304 10:11:18.179" level="WARN">7</msg>
<status status="PASS" starttime="20190304 10:11:18.179" endtime="20190304 10:11:18.179"></status>
</kw>
<kw name="Exit For Loop If" library="BuiltIn">
<doc>Stops executing the enclosing for loop if the ``condition`` is true.</doc>
<arguments>
<arg>${INDEX} == 5</arg>
</arguments>
<status status="PASS" starttime="20190304 10:11:18.179" endtime="20190304 10:11:18.179"></status>
</kw>
<status status="PASS" starttime="20190304 10:11:18.179" endtime="20190304 10:11:18.179"></status>
</kw>
<kw name="${INDEX} = 7" type="foritem">
<kw name="Evaluate" library="BuiltIn">
<doc>Evaluates the given expression in Python and returns the results.</doc>
<arguments>
<arg>${INDEX} + 1</arg>
</arguments>
<assign>
<var>${INDEX}</var>
</assign>
<msg timestamp="20190304 10:11:18.179" level="INFO">${INDEX} = 8</msg>
<status status="PASS" starttime="20190304 10:11:18.179" endtime="20190304 10:11:18.179"></status>
</kw>
<kw name="Continue For Loop If" library="BuiltIn">
<doc>Skips the current for loop iteration if the ``condition`` is true.</doc>
<arguments>
<arg>${INDEX} == 5</arg>
</arguments>
<status status="PASS" starttime="20190304 10:11:18.179" endtime="20190304 10:11:18.179"></status>
</kw>
<kw name="Log" library="BuiltIn">
<doc>Logs the given message with the given level.</doc>
<arguments>
<arg>${INDEX}</arg>
<arg>WARN</arg>
</arguments>
<msg timestamp="20190304 10:11:18.179" level="WARN">8</msg>
<status status="PASS" starttime="20190304 10:11:18.179" endtime="20190304 10:11:18.179"></status>
</kw>
<kw name="Exit For Loop If" library="BuiltIn">
<doc>Stops executing the enclosing for loop if the ``condition`` is true.</doc>
<arguments>
<arg>${INDEX} == 5</arg>
</arguments>
<status status="PASS" starttime="20190304 10:11:18.179" endtime="20190304 10:11:18.179"></status>
</kw>
<status status="PASS" starttime="20190304 10:11:18.179" endtime="20190304 10:11:18.179"></status>
</kw>
<kw name="${INDEX} = 8" type="foritem">
<kw name="Evaluate" library="BuiltIn">
<doc>Evaluates the given expression in Python and returns the results.</doc>
<arguments>
<arg>${INDEX} + 1</arg>
</arguments>
<assign>
<var>${INDEX}</var>
</assign>
<msg timestamp="20190304 10:11:18.179" level="INFO">${INDEX} = 9</msg>
<status status="PASS" starttime="20190304 10:11:18.179" endtime="20190304 10:11:18.179"></status>
</kw>
<kw name="Continue For Loop If" library="BuiltIn">
<doc>Skips the current for loop iteration if the ``condition`` is true.</doc>
<arguments>
<arg>${INDEX} == 5</arg>
</arguments>
<status status="PASS" starttime="20190304 10:11:18.179" endtime="20190304 10:11:18.179"></status>
</kw>
<kw name="Log" library="BuiltIn">
<doc>Logs the given message with the given level.</doc>
<arguments>
<arg>${INDEX}</arg>
<arg>WARN</arg>
</arguments>
<msg timestamp="20190304 10:11:18.195" level="WARN">9</msg>
<status status="PASS" starttime="20190304 10:11:18.179" endtime="20190304 10:11:18.195"></status>
</kw>
<kw name="Exit For Loop If" library="BuiltIn">
<doc>Stops executing the enclosing for loop if the ``condition`` is true.</doc>
<arguments>
<arg>${INDEX} == 5</arg>
</arguments>
<status status="PASS" starttime="20190304 10:11:18.195" endtime="20190304 10:11:18.195"></status>
</kw>
<status status="PASS" starttime="20190304 10:11:18.179" endtime="20190304 10:11:18.195"></status>
</kw>
<kw name="${INDEX} = 9" type="foritem">
<kw name="Evaluate" library="BuiltIn">
<doc>Evaluates the given expression in Python and returns the results.</doc>
<arguments>
<arg>${INDEX} + 1</arg>
</arguments>
<assign>
<var>${INDEX}</var>
</assign>
<msg timestamp="20190304 10:11:18.195" level="INFO">${INDEX} = 10</msg>
<status status="PASS" starttime="20190304 10:11:18.195" endtime="20190304 10:11:18.195"></status>
</kw>
<kw name="Continue For Loop If" library="BuiltIn">
<doc>Skips the current for loop iteration if the ``condition`` is true.</doc>
<arguments>
<arg>${INDEX} == 5</arg>
</arguments>
<status status="PASS" starttime="20190304 10:11:18.195" endtime="20190304 10:11:18.195"></status>
</kw>
<kw name="Log" library="BuiltIn">
<doc>Logs the given message with the given level.</doc>
<arguments>
<arg>${INDEX}</arg>
<arg>WARN</arg>
</arguments>
<msg timestamp="20190304 10:11:18.195" level="WARN">10</msg>
<status status="PASS" starttime="20190304 10:11:18.195" endtime="20190304 10:11:18.195"></status>
</kw>
<kw name="Exit For Loop If" library="BuiltIn">
<doc>Stops executing the enclosing for loop if the ``condition`` is true.</doc>
<arguments>
<arg>${INDEX} == 5</arg>
</arguments>
<status status="PASS" starttime="20190304 10:11:18.195" endtime="20190304 10:11:18.195"></status>
</kw>
<status status="PASS" starttime="20190304 10:11:18.195" endtime="20190304 10:11:18.195"></status>
</kw>
<status status="PASS" starttime="20190304 10:11:18.164" endtime="20190304 10:11:18.195"></status>
</kw>
<status status="PASS" starttime="20190304 10:11:18.164" endtime="20190304 10:11:18.195" critical="yes"></status>
</test>
<doc>This file is used to do Loop operations</doc>
<status status="PASS" starttime="20190304 10:11:18.148" endtime="20190304 10:11:18.195"></status>
</suite>
<statistics>
<total>
<stat pass="1" fail="0">Critical Tests</stat>
<stat pass="1" fail="0">All Tests</stat>
</total>
<tag>
</tag>
<suite>
<stat pass="1" fail="0" id="s1" name="Loops">Loops</stat>
</suite>
</statistics>
<errors>
<msg timestamp="20190304 10:11:18.164" level="WARN">1</msg>
<msg timestamp="20190304 10:11:18.179" level="WARN">2</msg>
<msg timestamp="20190304 10:11:18.179" level="WARN">3</msg>
<msg timestamp="20190304 10:11:18.179" level="WARN">4</msg>
<msg timestamp="20190304 10:11:18.179" level="WARN">6</msg>
<msg timestamp="20190304 10:11:18.179" level="WARN">7</msg>
<msg timestamp="20190304 10:11:18.179" level="WARN">8</msg>
<msg timestamp="20190304 10:11:18.195" level="WARN">9</msg>
<msg timestamp="20190304 10:11:18.195" level="WARN">10</msg>
</errors>
</robot>
