<?xml version="1.0" encoding="UTF-8"?>
<robot generator="Robot 3.1.1 (Python 3.6.7rc2 on win32)" generated="20190501 17:29:53.825" rpa="false">
<suite id="s1" name="TestSuite1" source="C:\Users\shyam.emmadi\Desktop\MyPython\robot\Scripts\Project1\TestSuite1.robot">
<kw name="GoToHomePage" type="setup">
<kw name="Open Browser" library="SeleniumLibrary">
<doc>Opens a new browser instance to the given ``url``.</doc>
<arguments>
<arg>${url}</arg>
<arg>chrome</arg>
</arguments>
<msg timestamp="20190501 17:29:53.974" level="INFO">Opening browser 'chrome' to base url 'https://opensource-demo.orangehrmlive.com/index.php/auth/validateCredentials'.</msg>
<status status="PASS" starttime="20190501 17:29:53.973" endtime="20190501 17:30:00.579"></status>
</kw>
<status status="PASS" starttime="20190501 17:29:53.973" endtime="20190501 17:30:00.579"></status>
</kw>
<test id="s1-t1" name="Test4">
<kw name="Log To Console" library="BuiltIn">
<doc>Logs the given message to the console.</doc>
<arguments>
<arg>Test4 Started</arg>
</arguments>
<status status="PASS" starttime="20190501 17:30:00.582" endtime="20190501 17:30:00.584"></status>
</kw>
<kw name="Open Browser" library="SeleniumLibrary">
<doc>Opens a new browser instance to the given ``url``.</doc>
<arguments>
<arg>http://google.com</arg>
</arguments>
<msg timestamp="20190501 17:30:00.586" level="INFO">Opening browser 'firefox' to base url 'http://google.com'.</msg>
<status status="PASS" starttime="20190501 17:30:00.585" endtime="20190501 17:30:07.322"></status>
</kw>
<kw name="Close Browser" library="SeleniumLibrary">
<doc>Closes the current browser.</doc>
<status status="PASS" starttime="20190501 17:30:07.323" endtime="20190501 17:30:07.938"></status>
</kw>
<kw name="Log To Console" library="BuiltIn">
<doc>Logs the given message to the console.</doc>
<arguments>
<arg>Test Ended</arg>
</arguments>
<status status="PASS" starttime="20190501 17:30:07.939" endtime="20190501 17:30:07.939"></status>
</kw>
<kw name="Set Tags" library="BuiltIn">
<doc>Adds given ``tags`` for the current test or all tests in a suite.</doc>
<arguments>
<arg>SmokeTest</arg>
</arguments>
<msg timestamp="20190501 17:30:07.941" level="INFO">Set tag 'SmokeTest'.</msg>
<status status="PASS" starttime="20190501 17:30:07.941" endtime="20190501 17:30:07.941"></status>
</kw>
<tags>
<tag>Sanity</tag>
<tag>SmokeTest</tag>
</tags>
<status status="PASS" starttime="20190501 17:30:00.580" endtime="20190501 17:30:07.942" critical="yes"></status>
</test>
<kw name="Close Browser" library="SeleniumLibrary" type="teardown">
<doc>Closes the current browser.</doc>
<status status="PASS" starttime="20190501 17:30:07.945" endtime="20190501 17:30:07.945"></status>
</kw>
<status status="PASS" starttime="20190501 17:29:53.826" endtime="20190501 17:30:07.945"></status>
</suite>
<statistics>
<total>
<stat pass="1" fail="0">Critical Tests</stat>
<stat pass="1" fail="0">All Tests</stat>
</total>
<tag>
<stat pass="1" fail="0">Sanity</stat>
<stat pass="1" fail="0">SmokeTest</stat>
</tag>
<suite>
<stat pass="1" fail="0" id="s1" name="TestSuite1">TestSuite1</stat>
</suite>
</statistics>
<errors>
</errors>
</robot>
