<?xml version="1.0" encoding="UTF-8"?>
<robot generator="Robot 3.1.1 (Python 3.6.7rc2 on win32)" generated="20190305 17:35:05.159" rpa="false">
<suite id="s1" name="Resource Example1" source="C:\Users\shyam.emmadi\Desktop\Python\robot\New folder\practise\resource\resource_example1.robot">
<test id="s1-t1" name="TestCase1">
<kw name="Log" library="BuiltIn">
<doc>Logs the given message with the given level.</doc>
<arguments>
<arg>TestCase1 started</arg>
</arguments>
<msg timestamp="20190305 17:35:05.175" level="INFO">TestCase1 started</msg>
<status status="PASS" starttime="20190305 17:35:05.175" endtime="20190305 17:35:05.175"></status>
</kw>
<kw name="${i} IN RANGE [ 10 ]" type="for">
<kw name="${i} = 0" type="foritem">
<kw name="Continue For Loop If" library="BuiltIn">
<doc>Skips the current for loop iteration if the ``condition`` is true.</doc>
<arguments>
<arg>${i} == 6</arg>
</arguments>
<status status="PASS" starttime="20190305 17:35:05.175" endtime="20190305 17:35:05.175"></status>
</kw>
<kw name="Exit For Loop If" library="BuiltIn">
<doc>Stops executing the enclosing for loop if the ``condition`` is true.</doc>
<arguments>
<arg>${i} == 4</arg>
</arguments>
<status status="PASS" starttime="20190305 17:35:05.175" endtime="20190305 17:35:05.175"></status>
</kw>
<kw name="Log" library="BuiltIn">
<doc>Logs the given message with the given level.</doc>
<arguments>
<arg>${i}</arg>
<arg>WARN</arg>
</arguments>
<msg timestamp="20190305 17:35:05.175" level="WARN">0</msg>
<status status="PASS" starttime="20190305 17:35:05.175" endtime="20190305 17:35:05.175"></status>
</kw>
<kw name="Run Keyword If" library="BuiltIn">
<doc>Runs the given keyword with the given arguments, if ``condition`` is true.</doc>
<arguments>
<arg>${i} == 5</arg>
<arg>My IF Keywords</arg>
</arguments>
<status status="PASS" starttime="20190305 17:35:05.175" endtime="20190305 17:35:05.175"></status>
</kw>
<status status="PASS" starttime="20190305 17:35:05.175" endtime="20190305 17:35:05.175"></status>
</kw>
<kw name="${i} = 1" type="foritem">
<kw name="Continue For Loop If" library="BuiltIn">
<doc>Skips the current for loop iteration if the ``condition`` is true.</doc>
<arguments>
<arg>${i} == 6</arg>
</arguments>
<status status="PASS" starttime="20190305 17:35:05.175" endtime="20190305 17:35:05.175"></status>
</kw>
<kw name="Exit For Loop If" library="BuiltIn">
<doc>Stops executing the enclosing for loop if the ``condition`` is true.</doc>
<arguments>
<arg>${i} == 4</arg>
</arguments>
<status status="PASS" starttime="20190305 17:35:05.175" endtime="20190305 17:35:05.190"></status>
</kw>
<kw name="Log" library="BuiltIn">
<doc>Logs the given message with the given level.</doc>
<arguments>
<arg>${i}</arg>
<arg>WARN</arg>
</arguments>
<msg timestamp="20190305 17:35:05.190" level="WARN">1</msg>
<status status="PASS" starttime="20190305 17:35:05.190" endtime="20190305 17:35:05.190"></status>
</kw>
<kw name="Run Keyword If" library="BuiltIn">
<doc>Runs the given keyword with the given arguments, if ``condition`` is true.</doc>
<arguments>
<arg>${i} == 5</arg>
<arg>My IF Keywords</arg>
</arguments>
<status status="PASS" starttime="20190305 17:35:05.190" endtime="20190305 17:35:05.190"></status>
</kw>
<status status="PASS" starttime="20190305 17:35:05.175" endtime="20190305 17:35:05.190"></status>
</kw>
<kw name="${i} = 2" type="foritem">
<kw name="Continue For Loop If" library="BuiltIn">
<doc>Skips the current for loop iteration if the ``condition`` is true.</doc>
<arguments>
<arg>${i} == 6</arg>
</arguments>
<status status="PASS" starttime="20190305 17:35:05.190" endtime="20190305 17:35:05.190"></status>
</kw>
<kw name="Exit For Loop If" library="BuiltIn">
<doc>Stops executing the enclosing for loop if the ``condition`` is true.</doc>
<arguments>
<arg>${i} == 4</arg>
</arguments>
<status status="PASS" starttime="20190305 17:35:05.190" endtime="20190305 17:35:05.190"></status>
</kw>
<kw name="Log" library="BuiltIn">
<doc>Logs the given message with the given level.</doc>
<arguments>
<arg>${i}</arg>
<arg>WARN</arg>
</arguments>
<msg timestamp="20190305 17:35:05.190" level="WARN">2</msg>
<status status="PASS" starttime="20190305 17:35:05.190" endtime="20190305 17:35:05.190"></status>
</kw>
<kw name="Run Keyword If" library="BuiltIn">
<doc>Runs the given keyword with the given arguments, if ``condition`` is true.</doc>
<arguments>
<arg>${i} == 5</arg>
<arg>My IF Keywords</arg>
</arguments>
<status status="PASS" starttime="20190305 17:35:05.190" endtime="20190305 17:35:05.190"></status>
</kw>
<status status="PASS" starttime="20190305 17:35:05.190" endtime="20190305 17:35:05.190"></status>
</kw>
<kw name="${i} = 3" type="foritem">
<kw name="Continue For Loop If" library="BuiltIn">
<doc>Skips the current for loop iteration if the ``condition`` is true.</doc>
<arguments>
<arg>${i} == 6</arg>
</arguments>
<status status="PASS" starttime="20190305 17:35:05.190" endtime="20190305 17:35:05.190"></status>
</kw>
<kw name="Exit For Loop If" library="BuiltIn">
<doc>Stops executing the enclosing for loop if the ``condition`` is true.</doc>
<arguments>
<arg>${i} == 4</arg>
</arguments>
<status status="PASS" starttime="20190305 17:35:05.190" endtime="20190305 17:35:05.190"></status>
</kw>
<kw name="Log" library="BuiltIn">
<doc>Logs the given message with the given level.</doc>
<arguments>
<arg>${i}</arg>
<arg>WARN</arg>
</arguments>
<msg timestamp="20190305 17:35:05.190" level="WARN">3</msg>
<status status="PASS" starttime="20190305 17:35:05.190" endtime="20190305 17:35:05.190"></status>
</kw>
<kw name="Run Keyword If" library="BuiltIn">
<doc>Runs the given keyword with the given arguments, if ``condition`` is true.</doc>
<arguments>
<arg>${i} == 5</arg>
<arg>My IF Keywords</arg>
</arguments>
<status status="PASS" starttime="20190305 17:35:05.197" endtime="20190305 17:35:05.197"></status>
</kw>
<status status="PASS" starttime="20190305 17:35:05.190" endtime="20190305 17:35:05.197"></status>
</kw>
<kw name="${i} = 4" type="foritem">
<kw name="Continue For Loop If" library="BuiltIn">
<doc>Skips the current for loop iteration if the ``condition`` is true.</doc>
<arguments>
<arg>${i} == 6</arg>
</arguments>
<status status="PASS" starttime="20190305 17:35:05.197" endtime="20190305 17:35:05.197"></status>
</kw>
<kw name="Exit For Loop If" library="BuiltIn">
<doc>Stops executing the enclosing for loop if the ``condition`` is true.</doc>
<arguments>
<arg>${i} == 4</arg>
</arguments>
<msg timestamp="20190305 17:35:05.197" level="INFO">Exiting for loop altogether.</msg>
<status status="PASS" starttime="20190305 17:35:05.197" endtime="20190305 17:35:05.197"></status>
</kw>
<status status="PASS" starttime="20190305 17:35:05.197" endtime="20190305 17:35:05.197"></status>
</kw>
<status status="PASS" starttime="20190305 17:35:05.175" endtime="20190305 17:35:05.197"></status>
</kw>
<status status="PASS" starttime="20190305 17:35:05.175" endtime="20190305 17:35:05.197" critical="yes"></status>
</test>
<doc>from external resource file. Al keywords can be now accessed in this suite</doc>
<status status="PASS" starttime="20190305 17:35:05.159" endtime="20190305 17:35:05.197"></status>
</suite>
<statistics>
<total>
<stat pass="1" fail="0">Critical Tests</stat>
<stat pass="1" fail="0">All Tests</stat>
</total>
<tag>
</tag>
<suite>
<stat pass="1" fail="0" id="s1" name="Resource Example1">Resource Example1</stat>
</suite>
</statistics>
<errors>
<msg timestamp="20190305 17:35:05.175" level="WARN">0</msg>
<msg timestamp="20190305 17:35:05.190" level="WARN">1</msg>
<msg timestamp="20190305 17:35:05.190" level="WARN">2</msg>
<msg timestamp="20190305 17:35:05.190" level="WARN">3</msg>
</errors>
</robot>
