<?xml version="1.0" encoding="UTF-8"?>
<robot generator="Robot 3.1.1 (Python 3.6.7rc2 on win32)" generated="20190430 14:43:44.640" rpa="false">
<suite id="s1" name="Browser Launch" source="C:\Users\shyam.emmadi\Desktop\MyPython\robot\browser\browser_launch.robot">
<test id="s1-t1" name="LoginTest">
<kw name="Open Browser to the Login Page">
<kw name="Open Browser" library="Selenium2Library">
<doc>Opens a new browser instance to the given ``url``.</doc>
<arguments>
<arg>${SiteUrl}</arg>
<arg>${Browser}</arg>
</arguments>
<msg timestamp="20190430 14:43:45.495" level="INFO">Opening browser 'Firefox' to base url 'https://etender.staging.causeway.com'.</msg>
<status status="PASS" starttime="20190430 14:43:45.495" endtime="20190430 14:44:00.707"></status>
</kw>
<kw name="Maximize Browser Window" library="Selenium2Library">
<doc>Maximizes current browser window.</doc>
<status status="PASS" starttime="20190430 14:44:00.708" endtime="20190430 14:44:00.710"></status>
</kw>
<status status="PASS" starttime="20190430 14:43:45.495" endtime="20190430 14:44:00.710"></status>
</kw>
<kw name="Enter User Name">
<kw name="Input Text" library="Selenium2Library">
<doc>Types the given ``text`` into text field identified by ``locator``.</doc>
<arguments>
<arg>LoginName</arg>
<arg>${Username}</arg>
</arguments>
<msg timestamp="20190430 14:44:00.711" level="INFO">Typing text 'estimatoretender1@gmail.com' into text field 'LoginName'.</msg>
<status status="PASS" starttime="20190430 14:44:00.711" endtime="20190430 14:44:00.850"></status>
</kw>
<status status="PASS" starttime="20190430 14:44:00.711" endtime="20190430 14:44:00.850"></status>
</kw>
<kw name="Enter Password">
<kw name="Input Text" library="Selenium2Library">
<doc>Types the given ``text`` into text field identified by ``locator``.</doc>
<arguments>
<arg>password</arg>
<arg>${Password}</arg>
</arguments>
<msg timestamp="20190430 14:44:00.851" level="INFO">Typing text 'Test@123' into text field 'password'.</msg>
<status status="PASS" starttime="20190430 14:44:00.851" endtime="20190430 14:44:00.896"></status>
</kw>
<status status="PASS" starttime="20190430 14:44:00.851" endtime="20190430 14:44:00.896"></status>
</kw>
<kw name="Click Login">
<kw name="Click Button" library="Selenium2Library">
<doc>Clicks button identified by ``locator``.</doc>
<arguments>
<arg>submitButton</arg>
</arguments>
<msg timestamp="20190430 14:44:00.897" level="INFO">Clicking button 'submitButton'.</msg>
<status status="PASS" starttime="20190430 14:44:00.897" endtime="20190430 14:44:01.147"></status>
</kw>
<status status="PASS" starttime="20190430 14:44:00.897" endtime="20190430 14:44:01.147"></status>
</kw>
<kw name="Sleep" library="BuiltIn">
<doc>Pauses the test executed for the given time.</doc>
<arguments>
<arg>${Delay}</arg>
</arguments>
<msg timestamp="20190430 14:44:06.148" level="INFO">Slept 5 seconds</msg>
<status status="PASS" starttime="20190430 14:44:01.148" endtime="20190430 14:44:06.148"></status>
</kw>
<kw name="Assert Title">
<kw name="Title Should Be" library="Selenium2Library">
<doc>Verifies that current page title equals ``title``.</doc>
<arguments>
<arg>${Title}</arg>
</arguments>
<msg timestamp="20190430 14:44:06.155" level="INFO">Page title is 'Causeway eTender'.</msg>
<status status="PASS" starttime="20190430 14:44:06.150" endtime="20190430 14:44:06.155"></status>
</kw>
<status status="PASS" starttime="20190430 14:44:06.149" endtime="20190430 14:44:06.156"></status>
</kw>
<kw name="Close Browser" library="Selenium2Library" type="teardown">
<doc>Closes the current browser.</doc>
<status status="PASS" starttime="20190430 14:44:06.157" endtime="20190430 14:44:06.984"></status>
</kw>
<status status="PASS" starttime="20190430 14:43:45.494" endtime="20190430 14:44:06.984" critical="yes"></status>
</test>
<status status="PASS" starttime="20190430 14:43:44.642" endtime="20190430 14:44:06.986"></status>
</suite>
<statistics>
<total>
<stat pass="1" fail="0">Critical Tests</stat>
<stat pass="1" fail="0">All Tests</stat>
</total>
<tag>
</tag>
<suite>
<stat pass="1" fail="0" id="s1" name="Browser Launch">Browser Launch</stat>
</suite>
</statistics>
<errors>
</errors>
</robot>
