<?xml version="1.0" encoding="UTF-8"?>
<robot generator="Robot 3.1.1 (Python 3.6.7rc2 on win32)" generated="20190430 14:41:46.254" rpa="false">
<suite id="s1" name="Today" source="C:\Users\shyam.emmadi\Desktop\MyPython\django\inst_docs\robotframwork\today.robot">
<test id="s1-t1" name="Test Case1: Add">
<kw name="Evaluate" library="BuiltIn">
<doc>Evaluates the given expression in Python and returns the results.</doc>
<arguments>
<arg>${ONE} + 3</arg>
</arguments>
<assign>
<var>${R}</var>
</assign>
<msg timestamp="20190430 14:41:46.277" level="INFO">${R} = 26</msg>
<status status="PASS" starttime="20190430 14:41:46.277" endtime="20190430 14:41:46.277"></status>
</kw>
<kw name="Log To Console" library="BuiltIn">
<doc>Logs the given message to the console.</doc>
<arguments>
<arg>\n SUM IS :: ${R}</arg>
</arguments>
<status status="PASS" starttime="20190430 14:41:46.278" endtime="20190430 14:41:46.278"></status>
</kw>
<status status="PASS" starttime="20190430 14:41:46.276" endtime="20190430 14:41:46.280" critical="yes"></status>
</test>
<test id="s1-t2" name="Test Case2: Sub">
<kw name="Evaluate" library="BuiltIn">
<doc>Evaluates the given expression in Python and returns the results.</doc>
<arguments>
<arg>${ONE} - 3</arg>
</arguments>
<assign>
<var>${R}</var>
</assign>
<msg timestamp="20190430 14:41:46.283" level="INFO">${R} = 20</msg>
<status status="PASS" starttime="20190430 14:41:46.282" endtime="20190430 14:41:46.283"></status>
</kw>
<kw name="Log To Console" library="BuiltIn">
<doc>Logs the given message to the console.</doc>
<arguments>
<arg>\n SUB IS :: ${R}</arg>
</arguments>
<status status="PASS" starttime="20190430 14:41:46.283" endtime="20190430 14:41:46.283"></status>
</kw>
<status status="PASS" starttime="20190430 14:41:46.282" endtime="20190430 14:41:46.286" critical="yes"></status>
</test>
<doc>Today test cases</doc>
<status status="PASS" starttime="20190430 14:41:46.256" endtime="20190430 14:41:46.287"></status>
</suite>
<statistics>
<total>
<stat pass="2" fail="0">Critical Tests</stat>
<stat pass="2" fail="0">All Tests</stat>
</total>
<tag>
</tag>
<suite>
<stat pass="2" fail="0" id="s1" name="Today">Today</stat>
</suite>
</statistics>
<errors>
</errors>
</robot>
